[debug] [2022-10-27T01:00:29.477Z] ----------------------------------------------------------------------
[debug] [2022-10-27T01:00:29.485Z] Command:       C:\Program Files\nodejs\node.exe C:\Users\pc\AppData\Roaming\npm\node_modules\firebase-tools\lib\bin\firebase.js deploy
[debug] [2022-10-27T01:00:29.487Z] CLI Version:   11.15.0
[debug] [2022-10-27T01:00:29.488Z] Platform:      win32
[debug] [2022-10-27T01:00:29.488Z] Node Version:  v16.15.1
[debug] [2022-10-27T01:00:29.491Z] Time:          Thu Oct 27 2022 07:00:29 GMT+0600 (Bangladesh Standard Time)
[debug] [2022-10-27T01:00:29.492Z] ----------------------------------------------------------------------
[debug] 
[debug] [2022-10-27T01:00:29.873Z] > command requires scopes: ["email","openid","https://www.googleapis.com/auth/cloudplatformprojects.readonly","https://www.googleapis.com/auth/firebase","https://www.googleapis.com/auth/cloud-platform"]
[debug] [2022-10-27T01:00:29.874Z] > authorizing via signed-in user (abdulnumanjob@gmail.com)
[debug] [2022-10-27T01:00:29.875Z] [iam] checking project riseio for permissions ["firebase.projects.get","firebasehosting.sites.update"]
[debug] [2022-10-27T01:00:29.882Z] > refreshing access token with scopes: []
[debug] [2022-10-27T01:00:29.890Z] >>> [apiv2][query] POST https://www.googleapis.com/oauth2/v3/token [none]
[debug] [2022-10-27T01:00:29.891Z] >>> [apiv2][body] POST https://www.googleapis.com/oauth2/v3/token [omitted]
[debug] [2022-10-27T01:00:30.456Z] <<< [apiv2][status] POST https://www.googleapis.com/oauth2/v3/token 200
[debug] [2022-10-27T01:00:30.457Z] <<< [apiv2][body] POST https://www.googleapis.com/oauth2/v3/token [omitted]
[debug] [2022-10-27T01:00:30.508Z] >>> [apiv2][query] POST https://cloudresourcemanager.googleapis.com/v1/projects/riseio:testIamPermissions [none]
[debug] [2022-10-27T01:00:30.508Z] >>> [apiv2][(partial)header] POST https://cloudresourcemanager.googleapis.com/v1/projects/riseio:testIamPermissions x-goog-quota-user=projects/riseio
[debug] [2022-10-27T01:00:30.509Z] >>> [apiv2][body] POST https://cloudresourcemanager.googleapis.com/v1/projects/riseio:testIamPermissions {"permissions":["firebase.projects.get","firebasehosting.sites.update"]}
[debug] [2022-10-27T01:00:32.469Z] <<< [apiv2][status] POST https://cloudresourcemanager.googleapis.com/v1/projects/riseio:testIamPermissions 200
[debug] [2022-10-27T01:00:32.470Z] <<< [apiv2][body] POST https://cloudresourcemanager.googleapis.com/v1/projects/riseio:testIamPermissions {"permissions":["firebase.projects.get","firebasehosting.sites.update"]}
[debug] [2022-10-27T01:00:32.477Z] >>> [apiv2][query] GET https://firebase.googleapis.com/v1beta1/projects/riseio [none]
[debug] [2022-10-27T01:00:33.490Z] <<< [apiv2][status] GET https://firebase.googleapis.com/v1beta1/projects/riseio 200
[debug] [2022-10-27T01:00:33.491Z] <<< [apiv2][body] GET https://firebase.googleapis.com/v1beta1/projects/riseio {"projectId":"riseio","projectNumber":"753706125323","displayName":"riseio","name":"projects/riseio","resources":{"hostingSite":"riseio"},"state":"ACTIVE","etag":"1_f3b71a5e-0663-4a33-bad6-13e4f5aa6346"}
[info] 
[info] === Deploying to 'riseio'...
[info] 
[info] i  deploying hosting 
[debug] [2022-10-27T01:00:33.507Z] >>> [apiv2][query] POST https://firebasehosting.googleapis.com/v1beta1/projects/-/sites/riseio/versions [none]
[debug] [2022-10-27T01:00:33.507Z] >>> [apiv2][body] POST https://firebasehosting.googleapis.com/v1beta1/projects/-/sites/riseio/versions {"status":"CREATED","labels":{"deployment-tool":"cli-firebase"}}
[debug] [2022-10-27T01:00:35.945Z] <<< [apiv2][status] POST https://firebasehosting.googleapis.com/v1beta1/projects/-/sites/riseio/versions 200
[debug] [2022-10-27T01:00:35.945Z] <<< [apiv2][body] POST https://firebasehosting.googleapis.com/v1beta1/projects/-/sites/riseio/versions {"name":"projects/753706125323/sites/riseio/versions/9fef27087fe9a7d6","status":"CREATED","config":{},"labels":{"deployment-tool":"cli-firebase"}}
[info] i  hosting[riseio]: beginning deploy... 
[info] i  hosting[riseio]: found 23 files in build 
[debug] [2022-10-27T01:00:35.993Z] [hosting] uploading with 200 concurrency
